<?xml version="1.0" encoding="UTF-8"?>
<testng-results skipped="0" failed="1" ignored="0" total="5" passed="4">
  <reporter-output>
  </reporter-output>
  <suite name="Default suite" duration-ms="106258" started-at="2018-02-04T13:52:59Z" finished-at="2018-02-04T13:54:45Z">
    <groups>
    </groups>
    <test name="Default test" duration-ms="106258" started-at="2018-02-04T13:52:59Z" finished-at="2018-02-04T13:54:45Z">
      <class name="com.qa.Tests.DealsPageTest">
        <test-method status="PASS" signature="setUp()[pri:0, instance:com.qa.Tests.DealsPageTest@5f341870]" name="setUp" is-config="true" duration-ms="20193" started-at="2018-02-04T19:22:59Z" finished-at="2018-02-04T19:23:19Z">
          <reporter-output>
          </reporter-output>
        </test-method> <!-- setUp -->
        <test-method status="FAIL" signature="dealsPagelabel()[pri:1, instance:com.qa.Tests.DealsPageTest@5f341870]" name="dealsPagelabel" duration-ms="649" started-at="2018-02-04T19:23:19Z" finished-at="2018-02-04T19:23:20Z">
          <exception class="org.openqa.selenium.ElementNotVisibleException">
            <message>
              <![CDATA[element not visible
  (Session info: chrome=63.0.3239.132)
  (Driver info: chromedriver=2.33.506120 (e3e53437346286c0bc2d2dc9aa4915ba81d9023f),platform=Windows NT 10.0.16299 x86_64) (WARNING: The server did not provide any stacktrace information)
Command duration or timeout: 0 milliseconds
Build info: version: '3.5.3', revision: 'a88d25fe6b', time: '2017-08-29T12:42:44.417Z'
System info: host: 'LAPTOP-CDSAINQ3', ip: '192.168.0.103', os.name: 'Windows 10', os.arch: 'amd64', os.version: '10.0', java.version: '1.8.0_121'
Driver info: org.openqa.selenium.chrome.ChromeDriver
Capabilities [{mobileEmulationEnabled=false, hasTouchScreen=false, platform=XP, acceptSslCerts=true, webStorageEnabled=true, browserName=chrome, takesScreenshot=true, javascriptEnabled=true, platformName=XP, setWindowRect=true, unexpectedAlertBehaviour=, applicationCacheEnabled=false, rotatable=false, networkConnectionEnabled=false, chrome={chromedriverVersion=2.33.506120 (e3e53437346286c0bc2d2dc9aa4915ba81d9023f), userDataDir=C:\Users\Jatin\AppData\Local\Temp\scoped_dir12524_8610}, takesHeapSnapshot=true, pageLoadStrategy=normal, unhandledPromptBehavior=, databaseEnabled=false, handlesAlerts=true, version=63.0.3239.132, browserConnectionEnabled=false, nativeEvents=true, locationContextEnabled=true, cssSelectorsEnabled=true}]
Session ID: 0d9399c3ee1b6c9e3db5493004a5c148]]>
            </message>
            <full-stacktrace>
              <![CDATA[org.openqa.selenium.ElementNotVisibleException: element not visible
  (Session info: chrome=63.0.3239.132)
  (Driver info: chromedriver=2.33.506120 (e3e53437346286c0bc2d2dc9aa4915ba81d9023f),platform=Windows NT 10.0.16299 x86_64) (WARNING: The server did not provide any stacktrace information)
Command duration or timeout: 0 milliseconds
Build info: version: '3.5.3', revision: 'a88d25fe6b', time: '2017-08-29T12:42:44.417Z'
System info: host: 'LAPTOP-CDSAINQ3', ip: '192.168.0.103', os.name: 'Windows 10', os.arch: 'amd64', os.version: '10.0', java.version: '1.8.0_121'
Driver info: org.openqa.selenium.chrome.ChromeDriver
Capabilities [{mobileEmulationEnabled=false, hasTouchScreen=false, platform=XP, acceptSslCerts=true, webStorageEnabled=true, browserName=chrome, takesScreenshot=true, javascriptEnabled=true, platformName=XP, setWindowRect=true, unexpectedAlertBehaviour=, applicationCacheEnabled=false, rotatable=false, networkConnectionEnabled=false, chrome={chromedriverVersion=2.33.506120 (e3e53437346286c0bc2d2dc9aa4915ba81d9023f), userDataDir=C:\Users\Jatin\AppData\Local\Temp\scoped_dir12524_8610}, takesHeapSnapshot=true, pageLoadStrategy=normal, unhandledPromptBehavior=, databaseEnabled=false, handlesAlerts=true, version=63.0.3239.132, browserConnectionEnabled=false, nativeEvents=true, locationContextEnabled=true, cssSelectorsEnabled=true}]
Session ID: 0d9399c3ee1b6c9e3db5493004a5c148
	at sun.reflect.NativeConstructorAccessorImpl.newInstance0(Native Method)
	at sun.reflect.NativeConstructorAccessorImpl.newInstance(Unknown Source)
	at sun.reflect.DelegatingConstructorAccessorImpl.newInstance(Unknown Source)
	at java.lang.reflect.Constructor.newInstance(Unknown Source)
	at org.openqa.selenium.remote.ErrorHandler.createThrowable(ErrorHandler.java:215)
	at org.openqa.selenium.remote.ErrorHandler.throwIfResponseFailed(ErrorHandler.java:167)
	at org.openqa.selenium.remote.http.JsonHttpResponseCodec.reconstructValue(JsonHttpResponseCodec.java:40)
	at org.openqa.selenium.remote.http.AbstractHttpResponseCodec.decode(AbstractHttpResponseCodec.java:82)
	at org.openqa.selenium.remote.http.AbstractHttpResponseCodec.decode(AbstractHttpResponseCodec.java:45)
	at org.openqa.selenium.remote.HttpCommandExecutor.execute(HttpCommandExecutor.java:164)
	at org.openqa.selenium.remote.service.DriverCommandExecutor.execute(DriverCommandExecutor.java:82)
	at org.openqa.selenium.remote.RemoteWebDriver.execute(RemoteWebDriver.java:646)
	at org.openqa.selenium.remote.RemoteWebElement.execute(RemoteWebElement.java:275)
	at org.openqa.selenium.remote.RemoteWebElement.click(RemoteWebElement.java:82)
	at sun.reflect.NativeMethodAccessorImpl.invoke0(Native Method)
	at sun.reflect.NativeMethodAccessorImpl.invoke(Unknown Source)
	at sun.reflect.DelegatingMethodAccessorImpl.invoke(Unknown Source)
	at java.lang.reflect.Method.invoke(Unknown Source)
	at org.openqa.selenium.support.pagefactory.internal.LocatingElementHandler.invoke(LocatingElementHandler.java:51)
	at com.sun.proxy.$Proxy10.click(Unknown Source)
	at com.qa.Pages.HomePage.clickOnNewContactlink(HomePage.java:67)
	at com.qa.Tests.DealsPageTest.dealsPagelabel(DealsPageTest.java:48)
	at sun.reflect.NativeMethodAccessorImpl.invoke0(Native Method)
	at sun.reflect.NativeMethodAccessorImpl.invoke(Unknown Source)
	at sun.reflect.DelegatingMethodAccessorImpl.invoke(Unknown Source)
	at java.lang.reflect.Method.invoke(Unknown Source)
	at org.testng.internal.MethodInvocationHelper.invokeMethod(MethodInvocationHelper.java:108)
	at org.testng.internal.Invoker.invokeMethod(Invoker.java:661)
	at org.testng.internal.Invoker.invokeTestMethod(Invoker.java:869)
	at org.testng.internal.Invoker.invokeTestMethods(Invoker.java:1193)
	at org.testng.internal.TestMethodWorker.invokeTestMethods(TestMethodWorker.java:126)
	at org.testng.internal.TestMethodWorker.run(TestMethodWorker.java:109)
	at org.testng.TestRunner.privateRun(TestRunner.java:744)
	at org.testng.TestRunner.run(TestRunner.java:602)
	at org.testng.SuiteRunner.runTest(SuiteRunner.java:380)
	at org.testng.SuiteRunner.runSequentially(SuiteRunner.java:375)
	at org.testng.SuiteRunner.privateRun(SuiteRunner.java:340)
	at org.testng.SuiteRunner.run(SuiteRunner.java:289)
	at org.testng.SuiteRunnerWorker.runSuite(SuiteRunnerWorker.java:52)
	at org.testng.SuiteRunnerWorker.run(SuiteRunnerWorker.java:86)
	at org.testng.TestNG.runSuitesSequentially(TestNG.java:1301)
	at org.testng.TestNG.runSuitesLocally(TestNG.java:1226)
	at org.testng.TestNG.runSuites(TestNG.java:1144)
	at org.testng.TestNG.run(TestNG.java:1115)
	at org.testng.remote.AbstractRemoteTestNG.run(AbstractRemoteTestNG.java:132)
	at org.testng.remote.RemoteTestNG.initAndRun(RemoteTestNG.java:230)
	at org.testng.remote.RemoteTestNG.main(RemoteTestNG.java:76)
]]>
            </full-stacktrace>
          </exception> <!-- org.openqa.selenium.ElementNotVisibleException -->
          <reporter-output>
          </reporter-output>
        </test-method> <!-- dealsPagelabel -->
        <test-method status="PASS" signature="tearDown()[pri:0, instance:com.qa.Tests.DealsPageTest@5f341870]" name="tearDown" is-config="true" duration-ms="808" started-at="2018-02-04T19:23:20Z" finished-at="2018-02-04T19:23:21Z">
          <reporter-output>
          </reporter-output>
        </test-method> <!-- tearDown -->
        <test-method status="PASS" signature="setUp()[pri:0, instance:com.qa.Tests.DealsPageTest@5f341870]" name="setUp" is-config="true" duration-ms="16700" started-at="2018-02-04T19:23:21Z" finished-at="2018-02-04T19:23:38Z">
          <reporter-output>
          </reporter-output>
        </test-method> <!-- setUp -->
        <test-method status="PASS" signature="validateDeal(java.lang.String, java.lang.String, java.lang.String, java.lang.String)[pri:2, instance:com.qa.Tests.DealsPageTest@5f341870]" name="validateDeal" duration-ms="4574" started-at="2018-02-04T19:23:38Z" data-provider="getCRMTestData" finished-at="2018-02-04T19:23:43Z">
          <params>
            <param index="0">
              <value>
                <![CDATA[Title 1]]>
              </value>
            </param>
            <param index="1">
              <value>
                <![CDATA[Company 1]]>
              </value>
            </param>
            <param index="2">
              <value>
                <![CDATA[Contact 1]]>
              </value>
            </param>
            <param index="3">
              <value>
                <![CDATA[New]]>
              </value>
            </param>
          </params>
          <reporter-output>
          </reporter-output>
        </test-method> <!-- validateDeal -->
        <test-method status="PASS" signature="tearDown()[pri:0, instance:com.qa.Tests.DealsPageTest@5f341870]" name="tearDown" is-config="true" duration-ms="809" started-at="2018-02-04T19:23:43Z" finished-at="2018-02-04T19:23:44Z">
          <reporter-output>
          </reporter-output>
        </test-method> <!-- tearDown -->
        <test-method status="PASS" signature="setUp()[pri:0, instance:com.qa.Tests.DealsPageTest@5f341870]" name="setUp" is-config="true" duration-ms="15065" started-at="2018-02-04T19:23:44Z" finished-at="2018-02-04T19:23:59Z">
          <reporter-output>
          </reporter-output>
        </test-method> <!-- setUp -->
        <test-method status="PASS" signature="validateDeal(java.lang.String, java.lang.String, java.lang.String, java.lang.String)[pri:2, instance:com.qa.Tests.DealsPageTest@5f341870]" name="validateDeal" duration-ms="4196" started-at="2018-02-04T19:23:59Z" data-provider="getCRMTestData" finished-at="2018-02-04T19:24:03Z">
          <params>
            <param index="0">
              <value>
                <![CDATA[Title 2]]>
              </value>
            </param>
            <param index="1">
              <value>
                <![CDATA[Company 2]]>
              </value>
            </param>
            <param index="2">
              <value>
                <![CDATA[Contact 2]]>
              </value>
            </param>
            <param index="3">
              <value>
                <![CDATA[Old]]>
              </value>
            </param>
          </params>
          <reporter-output>
          </reporter-output>
        </test-method> <!-- validateDeal -->
        <test-method status="PASS" signature="tearDown()[pri:0, instance:com.qa.Tests.DealsPageTest@5f341870]" name="tearDown" is-config="true" duration-ms="771" started-at="2018-02-04T19:24:03Z" finished-at="2018-02-04T19:24:04Z">
          <reporter-output>
          </reporter-output>
        </test-method> <!-- tearDown -->
        <test-method status="PASS" signature="setUp()[pri:0, instance:com.qa.Tests.DealsPageTest@5f341870]" name="setUp" is-config="true" duration-ms="14560" started-at="2018-02-04T19:24:04Z" finished-at="2018-02-04T19:24:18Z">
          <reporter-output>
          </reporter-output>
        </test-method> <!-- setUp -->
        <test-method status="PASS" signature="validateDeal(java.lang.String, java.lang.String, java.lang.String, java.lang.String)[pri:2, instance:com.qa.Tests.DealsPageTest@5f341870]" name="validateDeal" duration-ms="4163" started-at="2018-02-04T19:24:18Z" data-provider="getCRMTestData" finished-at="2018-02-04T19:24:22Z">
          <params>
            <param index="0">
              <value>
                <![CDATA[Title 3]]>
              </value>
            </param>
            <param index="1">
              <value>
                <![CDATA[Company 3]]>
              </value>
            </param>
            <param index="2">
              <value>
                <![CDATA[Contact 3]]>
              </value>
            </param>
            <param index="3">
              <value>
                <![CDATA[Opportunity]]>
              </value>
            </param>
          </params>
          <reporter-output>
          </reporter-output>
        </test-method> <!-- validateDeal -->
        <test-method status="PASS" signature="tearDown()[pri:0, instance:com.qa.Tests.DealsPageTest@5f341870]" name="tearDown" is-config="true" duration-ms="814" started-at="2018-02-04T19:24:22Z" finished-at="2018-02-04T19:24:23Z">
          <reporter-output>
          </reporter-output>
        </test-method> <!-- tearDown -->
        <test-method status="PASS" signature="setUp()[pri:0, instance:com.qa.Tests.DealsPageTest@5f341870]" name="setUp" is-config="true" duration-ms="16740" started-at="2018-02-04T19:24:23Z" finished-at="2018-02-04T19:24:40Z">
          <reporter-output>
          </reporter-output>
        </test-method> <!-- setUp -->
        <test-method status="PASS" signature="validateDeal(java.lang.String, java.lang.String, java.lang.String, java.lang.String)[pri:2, instance:com.qa.Tests.DealsPageTest@5f341870]" name="validateDeal" duration-ms="4441" started-at="2018-02-04T19:24:40Z" data-provider="getCRMTestData" finished-at="2018-02-04T19:24:44Z">
          <params>
            <param index="0">
              <value>
                <![CDATA[Title 4]]>
              </value>
            </param>
            <param index="1">
              <value>
                <![CDATA[Company 4]]>
              </value>
            </param>
            <param index="2">
              <value>
                <![CDATA[Contact 4]]>
              </value>
            </param>
            <param index="3">
              <value>
                <![CDATA[Priority]]>
              </value>
            </param>
          </params>
          <reporter-output>
          </reporter-output>
        </test-method> <!-- validateDeal -->
        <test-method status="PASS" signature="tearDown()[pri:0, instance:com.qa.Tests.DealsPageTest@5f341870]" name="tearDown" is-config="true" duration-ms="781" started-at="2018-02-04T19:24:44Z" finished-at="2018-02-04T19:24:45Z">
          <reporter-output>
          </reporter-output>
        </test-method> <!-- tearDown -->
      </class> <!-- com.qa.Tests.DealsPageTest -->
    </test> <!-- Default test -->
  </suite> <!-- Default suite -->
</testng-results>
